[2024-10-08T23:08:52.082+0000] {local_task_job_runner.py:120} INFO - ::group::Pre task execution logs
[2024-10-08T23:08:52.095+0000] {taskinstance.py:2076} INFO - Dependencies all met for dep_context=non-requeueable deps ti=<TaskInstance: Nikita_Lapshin_desicion_tree.train_model scheduled__2024-10-07T01:00:00+00:00 [queued]>
[2024-10-08T23:08:52.130+0000] {taskinstance.py:2076} INFO - Dependencies all met for dep_context=requeueable deps ti=<TaskInstance: Nikita_Lapshin_desicion_tree.train_model scheduled__2024-10-07T01:00:00+00:00 [queued]>
[2024-10-08T23:08:52.131+0000] {taskinstance.py:2306} INFO - Starting attempt 1 of 4
[2024-10-08T23:08:52.143+0000] {taskinstance.py:2330} INFO - Executing <Task(PythonOperator): train_model> on 2024-10-07 01:00:00+00:00
[2024-10-08T23:08:52.153+0000] {standard_task_runner.py:64} INFO - Started process 242 to run task
[2024-10-08T23:08:52.157+0000] {standard_task_runner.py:90} INFO - Running: ['***', 'tasks', 'run', 'Nikita_Lapshin_desicion_tree', 'train_model', 'scheduled__2024-10-07T01:00:00+00:00', '--job-id', '106', '--raw', '--subdir', 'DAGS_FOLDER/HW1.py', '--cfg-path', '/tmp/tmp5pnsgny6']
[2024-10-08T23:08:52.160+0000] {standard_task_runner.py:91} INFO - Job 106: Subtask train_model
[2024-10-08T23:08:52.199+0000] {task_command.py:426} INFO - Running <TaskInstance: Nikita_Lapshin_desicion_tree.train_model scheduled__2024-10-07T01:00:00+00:00 [running]> on host b25050cd5d99
[2024-10-08T23:08:52.271+0000] {taskinstance.py:2648} INFO - Exporting env vars: AIRFLOW_CTX_DAG_OWNER='Lapshin Nikita' AIRFLOW_CTX_DAG_ID='Nikita_Lapshin_desicion_tree' AIRFLOW_CTX_TASK_ID='train_model' AIRFLOW_CTX_EXECUTION_DATE='2024-10-07T01:00:00+00:00' AIRFLOW_CTX_TRY_NUMBER='1' AIRFLOW_CTX_DAG_RUN_ID='scheduled__2024-10-07T01:00:00+00:00'
[2024-10-08T23:08:52.272+0000] {taskinstance.py:430} INFO - ::endgroup::
[2024-10-08T23:08:52.291+0000] {s3.py:1422} INFO - Downloading source S3 file from Bucket mlops-1 with path desicion_tree/datasets/prepared_data.csv
[2024-10-08T23:08:52.297+0000] {base.py:84} INFO - Using connection ID 's3_connection' for task execution.
[2024-10-08T23:08:52.298+0000] {connection_wrapper.py:388} INFO - AWS Connection (conn_id='s3_connection', conn_type='aws') credentials retrieved from login and password.
[2024-10-08T23:08:57.537+0000] {python.py:237} INFO - Done. Returned value was: {'start_time': 1728428936.009472, 'end_time': 1728428936.27503, 'model_score': 1.0}
[2024-10-08T23:08:57.540+0000] {taskinstance.py:441} INFO - ::group::Post task execution logs
[2024-10-08T23:08:57.568+0000] {taskinstance.py:1206} INFO - Marking task as SUCCESS. dag_id=Nikita_Lapshin_desicion_tree, task_id=train_model, run_id=scheduled__2024-10-07T01:00:00+00:00, execution_date=20241007T010000, start_date=20241008T230852, end_date=20241008T230857
[2024-10-08T23:08:57.618+0000] {local_task_job_runner.py:243} INFO - Task exited with return code 0
[2024-10-08T23:08:57.667+0000] {taskinstance.py:3503} INFO - 1 downstream tasks scheduled from follow-on schedule check
[2024-10-08T23:08:57.668+0000] {local_task_job_runner.py:222} INFO - ::endgroup::
