[2024-10-08T23:08:59.823+0000] {local_task_job_runner.py:120} INFO - ::group::Pre task execution logs
[2024-10-08T23:08:59.843+0000] {taskinstance.py:2076} INFO - Dependencies all met for dep_context=non-requeueable deps ti=<TaskInstance: Nikita_Lapshin_desicion_tree.save_results scheduled__2024-10-07T01:00:00+00:00 [queued]>
[2024-10-08T23:08:59.850+0000] {taskinstance.py:2076} INFO - Dependencies all met for dep_context=requeueable deps ti=<TaskInstance: Nikita_Lapshin_desicion_tree.save_results scheduled__2024-10-07T01:00:00+00:00 [queued]>
[2024-10-08T23:08:59.850+0000] {taskinstance.py:2306} INFO - Starting attempt 1 of 4
[2024-10-08T23:08:59.863+0000] {taskinstance.py:2330} INFO - Executing <Task(PythonOperator): save_results> on 2024-10-07 01:00:00+00:00
[2024-10-08T23:08:59.877+0000] {standard_task_runner.py:64} INFO - Started process 250 to run task
[2024-10-08T23:08:59.886+0000] {standard_task_runner.py:90} INFO - Running: ['***', 'tasks', 'run', 'Nikita_Lapshin_desicion_tree', 'save_results', 'scheduled__2024-10-07T01:00:00+00:00', '--job-id', '107', '--raw', '--subdir', 'DAGS_FOLDER/HW1.py', '--cfg-path', '/tmp/tmpu7siokb_']
[2024-10-08T23:08:59.889+0000] {standard_task_runner.py:91} INFO - Job 107: Subtask save_results
[2024-10-08T23:08:59.946+0000] {task_command.py:426} INFO - Running <TaskInstance: Nikita_Lapshin_desicion_tree.save_results scheduled__2024-10-07T01:00:00+00:00 [running]> on host b25050cd5d99
[2024-10-08T23:09:00.013+0000] {taskinstance.py:2648} INFO - Exporting env vars: AIRFLOW_CTX_DAG_OWNER='Lapshin Nikita' AIRFLOW_CTX_DAG_ID='Nikita_Lapshin_desicion_tree' AIRFLOW_CTX_TASK_ID='save_results' AIRFLOW_CTX_EXECUTION_DATE='2024-10-07T01:00:00+00:00' AIRFLOW_CTX_TRY_NUMBER='1' AIRFLOW_CTX_DAG_RUN_ID='scheduled__2024-10-07T01:00:00+00:00'
[2024-10-08T23:09:00.014+0000] {taskinstance.py:430} INFO - ::endgroup::
[2024-10-08T23:09:00.072+0000] {base.py:84} INFO - Using connection ID 's3_connection' for task execution.
[2024-10-08T23:09:00.073+0000] {connection_wrapper.py:388} INFO - AWS Connection (conn_id='s3_connection', conn_type='aws') credentials retrieved from login and password.
[2024-10-08T23:09:02.338+0000] {logging_mixin.py:188} INFO - Results saved successfully!
[2024-10-08T23:09:02.340+0000] {python.py:237} INFO - Done. Returned value was: None
[2024-10-08T23:09:02.341+0000] {taskinstance.py:441} INFO - ::group::Post task execution logs
[2024-10-08T23:09:02.359+0000] {taskinstance.py:1206} INFO - Marking task as SUCCESS. dag_id=Nikita_Lapshin_desicion_tree, task_id=save_results, run_id=scheduled__2024-10-07T01:00:00+00:00, execution_date=20241007T010000, start_date=20241008T230859, end_date=20241008T230902
[2024-10-08T23:09:02.442+0000] {local_task_job_runner.py:243} INFO - Task exited with return code 0
[2024-10-08T23:09:02.479+0000] {taskinstance.py:3503} INFO - 0 downstream tasks scheduled from follow-on schedule check
[2024-10-08T23:09:02.481+0000] {local_task_job_runner.py:222} INFO - ::endgroup::
