[2024-10-08T23:08:43.968+0000] {local_task_job_runner.py:120} INFO - ::group::Pre task execution logs
[2024-10-08T23:08:43.982+0000] {taskinstance.py:2076} INFO - Dependencies all met for dep_context=non-requeueable deps ti=<TaskInstance: Nikita_Lapshin_desicion_tree.prepare_data scheduled__2024-10-07T01:00:00+00:00 [queued]>
[2024-10-08T23:08:43.990+0000] {taskinstance.py:2076} INFO - Dependencies all met for dep_context=requeueable deps ti=<TaskInstance: Nikita_Lapshin_desicion_tree.prepare_data scheduled__2024-10-07T01:00:00+00:00 [queued]>
[2024-10-08T23:08:43.990+0000] {taskinstance.py:2306} INFO - Starting attempt 1 of 4
[2024-10-08T23:08:44.008+0000] {taskinstance.py:2330} INFO - Executing <Task(PythonOperator): prepare_data> on 2024-10-07 01:00:00+00:00
[2024-10-08T23:08:44.019+0000] {standard_task_runner.py:64} INFO - Started process 221 to run task
[2024-10-08T23:08:44.024+0000] {standard_task_runner.py:90} INFO - Running: ['***', 'tasks', 'run', 'Nikita_Lapshin_desicion_tree', 'prepare_data', 'scheduled__2024-10-07T01:00:00+00:00', '--job-id', '105', '--raw', '--subdir', 'DAGS_FOLDER/HW1.py', '--cfg-path', '/tmp/tmp6ec0w_4p']
[2024-10-08T23:08:44.027+0000] {standard_task_runner.py:91} INFO - Job 105: Subtask prepare_data
[2024-10-08T23:08:44.078+0000] {task_command.py:426} INFO - Running <TaskInstance: Nikita_Lapshin_desicion_tree.prepare_data scheduled__2024-10-07T01:00:00+00:00 [running]> on host b25050cd5d99
[2024-10-08T23:08:44.146+0000] {taskinstance.py:2648} INFO - Exporting env vars: AIRFLOW_CTX_DAG_OWNER='Lapshin Nikita' AIRFLOW_CTX_DAG_ID='Nikita_Lapshin_desicion_tree' AIRFLOW_CTX_TASK_ID='prepare_data' AIRFLOW_CTX_EXECUTION_DATE='2024-10-07T01:00:00+00:00' AIRFLOW_CTX_TRY_NUMBER='1' AIRFLOW_CTX_DAG_RUN_ID='scheduled__2024-10-07T01:00:00+00:00'
[2024-10-08T23:08:44.147+0000] {taskinstance.py:430} INFO - ::endgroup::
[2024-10-08T23:08:44.178+0000] {s3.py:1422} INFO - Downloading source S3 file from Bucket mlops-1 with path desicion_tree/datasets/california_housing.csv
[2024-10-08T23:08:44.187+0000] {base.py:84} INFO - Using connection ID 's3_connection' for task execution.
[2024-10-08T23:08:44.188+0000] {connection_wrapper.py:388} INFO - AWS Connection (conn_id='s3_connection', conn_type='aws') credentials retrieved from login and password.
[2024-10-08T23:08:49.410+0000] {python.py:237} INFO - Done. Returned value was: {'start_time': 1728428927.9556007, 'end_time': 1728428927.978384, 'features': ['Unnamed: 0', 'MedInc', 'HouseAge', 'AveRooms', 'AveBedrms', 'Population', 'AveOccup', 'Latitude']}
[2024-10-08T23:08:49.413+0000] {taskinstance.py:441} INFO - ::group::Post task execution logs
[2024-10-08T23:08:49.465+0000] {taskinstance.py:1206} INFO - Marking task as SUCCESS. dag_id=Nikita_Lapshin_desicion_tree, task_id=prepare_data, run_id=scheduled__2024-10-07T01:00:00+00:00, execution_date=20241007T010000, start_date=20241008T230843, end_date=20241008T230849
[2024-10-08T23:08:49.525+0000] {local_task_job_runner.py:243} INFO - Task exited with return code 0
[2024-10-08T23:08:49.555+0000] {taskinstance.py:3503} INFO - 1 downstream tasks scheduled from follow-on schedule check
[2024-10-08T23:08:49.558+0000] {local_task_job_runner.py:222} INFO - ::endgroup::
