[2024-10-06T17:22:29.557+0000] {local_task_job_runner.py:120} INFO - ::group::Pre task execution logs
[2024-10-06T17:22:29.568+0000] {taskinstance.py:2076} INFO - Dependencies all met for dep_context=non-requeueable deps ti=<TaskInstance: Nikita_Lapshin_random_forest.prepare_data manual__2024-10-06T17:21:48.952098+00:00 [queued]>
[2024-10-06T17:22:29.574+0000] {taskinstance.py:2076} INFO - Dependencies all met for dep_context=requeueable deps ti=<TaskInstance: Nikita_Lapshin_random_forest.prepare_data manual__2024-10-06T17:21:48.952098+00:00 [queued]>
[2024-10-06T17:22:29.574+0000] {taskinstance.py:2306} INFO - Starting attempt 1 of 4
[2024-10-06T17:22:29.584+0000] {taskinstance.py:2330} INFO - Executing <Task(PythonOperator): prepare_data> on 2024-10-06 17:21:48.952098+00:00
[2024-10-06T17:22:29.593+0000] {standard_task_runner.py:64} INFO - Started process 279 to run task
[2024-10-06T17:22:29.597+0000] {standard_task_runner.py:90} INFO - Running: ['***', 'tasks', 'run', 'Nikita_Lapshin_random_forest', 'prepare_data', 'manual__2024-10-06T17:21:48.952098+00:00', '--job-id', '30', '--raw', '--subdir', 'DAGS_FOLDER/HW1.py', '--cfg-path', '/tmp/tmpg93jrj8e']
[2024-10-06T17:22:29.601+0000] {standard_task_runner.py:91} INFO - Job 30: Subtask prepare_data
[2024-10-06T17:22:29.754+0000] {task_command.py:426} INFO - Running <TaskInstance: Nikita_Lapshin_random_forest.prepare_data manual__2024-10-06T17:21:48.952098+00:00 [running]> on host 22775caa7dfb
[2024-10-06T17:22:29.858+0000] {taskinstance.py:2648} INFO - Exporting env vars: AIRFLOW_CTX_DAG_OWNER='Lapshin Nikita' AIRFLOW_CTX_DAG_ID='Nikita_Lapshin_random_forest' AIRFLOW_CTX_TASK_ID='prepare_data' AIRFLOW_CTX_EXECUTION_DATE='2024-10-06T17:21:48.952098+00:00' AIRFLOW_CTX_TRY_NUMBER='1' AIRFLOW_CTX_DAG_RUN_ID='manual__2024-10-06T17:21:48.952098+00:00'
[2024-10-06T17:22:29.859+0000] {taskinstance.py:430} INFO - ::endgroup::
[2024-10-06T17:22:29.889+0000] {s3.py:1422} INFO - Downloading source S3 file from Bucket mlops-1 with path random_forest/datasets/california_housing.csv
[2024-10-06T17:22:29.908+0000] {base.py:84} INFO - Using connection ID 's3_connection' for task execution.
[2024-10-06T17:22:29.910+0000] {connection_wrapper.py:388} INFO - AWS Connection (conn_id='s3_connection', conn_type='aws') credentials retrieved from login and password.
[2024-10-06T17:22:58.296+0000] {python.py:237} INFO - Done. Returned value was: {'start_time': 1728235354.6361206, 'end_time': 1728235354.6708758, 'features': ['Unnamed: 0', 'MedInc', 'HouseAge', 'AveRooms', 'AveBedrms', 'Population', 'AveOccup', 'Latitude']}
[2024-10-06T17:22:58.301+0000] {taskinstance.py:441} INFO - ::group::Post task execution logs
[2024-10-06T17:22:58.367+0000] {taskinstance.py:1206} INFO - Marking task as SUCCESS. dag_id=Nikita_Lapshin_random_forest, task_id=prepare_data, run_id=manual__2024-10-06T17:21:48.952098+00:00, execution_date=20241006T172148, start_date=20241006T172229, end_date=20241006T172258
[2024-10-06T17:22:58.434+0000] {local_task_job_runner.py:243} INFO - Task exited with return code 0
[2024-10-06T17:22:58.516+0000] {taskinstance.py:3503} INFO - 1 downstream tasks scheduled from follow-on schedule check
[2024-10-06T17:22:58.518+0000] {local_task_job_runner.py:222} INFO - ::endgroup::
