[2024-10-06T16:58:59.040+0000] {local_task_job_runner.py:120} INFO - ::group::Pre task execution logs
[2024-10-06T16:58:59.071+0000] {taskinstance.py:2076} INFO - Dependencies all met for dep_context=non-requeueable deps ti=<TaskInstance: Nikita_Lapshin_desicion_tree.train_model manual__2024-10-06T16:53:47.575573+00:00 [queued]>
[2024-10-06T16:58:59.081+0000] {taskinstance.py:2076} INFO - Dependencies all met for dep_context=requeueable deps ti=<TaskInstance: Nikita_Lapshin_desicion_tree.train_model manual__2024-10-06T16:53:47.575573+00:00 [queued]>
[2024-10-06T16:58:59.082+0000] {taskinstance.py:2306} INFO - Starting attempt 3 of 4
[2024-10-06T16:58:59.106+0000] {taskinstance.py:2330} INFO - Executing <Task(PythonOperator): train_model> on 2024-10-06 16:53:47.575573+00:00
[2024-10-06T16:58:59.122+0000] {standard_task_runner.py:64} INFO - Started process 2523 to run task
[2024-10-06T16:58:59.143+0000] {standard_task_runner.py:90} INFO - Running: ['***', 'tasks', 'run', 'Nikita_Lapshin_desicion_tree', 'train_model', 'manual__2024-10-06T16:53:47.575573+00:00', '--job-id', '20', '--raw', '--subdir', 'DAGS_FOLDER/HW1.py', '--cfg-path', '/tmp/tmp9m_us3op']
[2024-10-06T16:58:59.152+0000] {standard_task_runner.py:91} INFO - Job 20: Subtask train_model
[2024-10-06T16:58:59.342+0000] {task_command.py:426} INFO - Running <TaskInstance: Nikita_Lapshin_desicion_tree.train_model manual__2024-10-06T16:53:47.575573+00:00 [running]> on host 22775caa7dfb
[2024-10-06T16:58:59.520+0000] {taskinstance.py:2648} INFO - Exporting env vars: AIRFLOW_CTX_DAG_OWNER='Lapshin Nikita' AIRFLOW_CTX_DAG_ID='Nikita_Lapshin_desicion_tree' AIRFLOW_CTX_TASK_ID='train_model' AIRFLOW_CTX_EXECUTION_DATE='2024-10-06T16:53:47.575573+00:00' AIRFLOW_CTX_TRY_NUMBER='3' AIRFLOW_CTX_DAG_RUN_ID='manual__2024-10-06T16:53:47.575573+00:00'
[2024-10-06T16:58:59.521+0000] {taskinstance.py:430} INFO - ::endgroup::
[2024-10-06T16:58:59.557+0000] {s3.py:1422} INFO - Downloading source S3 file from Bucket mlops-1 with path desicion_tree/datasets/prepared_data.csv
[2024-10-06T16:58:59.569+0000] {base.py:84} INFO - Using connection ID 's3_connection' for task execution.
[2024-10-06T16:58:59.571+0000] {connection_wrapper.py:388} INFO - AWS Connection (conn_id='s3_connection', conn_type='aws') credentials retrieved from login and password.
[2024-10-06T17:00:17.668+0000] {python.py:237} INFO - Done. Returned value was: {'start_time': 1728233969.5878825, 'end_time': 1728233969.9042988, 'model_score': 1.0}
[2024-10-06T17:00:17.673+0000] {taskinstance.py:441} INFO - ::group::Post task execution logs
[2024-10-06T17:00:17.719+0000] {taskinstance.py:1206} INFO - Marking task as SUCCESS. dag_id=Nikita_Lapshin_desicion_tree, task_id=train_model, run_id=manual__2024-10-06T16:53:47.575573+00:00, execution_date=20241006T165347, start_date=20241006T165859, end_date=20241006T170017
[2024-10-06T17:00:17.773+0000] {local_task_job_runner.py:243} INFO - Task exited with return code 0
[2024-10-06T17:00:17.805+0000] {taskinstance.py:3503} INFO - 1 downstream tasks scheduled from follow-on schedule check
[2024-10-06T17:00:17.806+0000] {local_task_job_runner.py:222} INFO - ::endgroup::
