[2024-10-06T17:41:35.411+0000] {local_task_job_runner.py:120} INFO - ::group::Pre task execution logs
[2024-10-06T17:41:35.425+0000] {taskinstance.py:2076} INFO - Dependencies all met for dep_context=non-requeueable deps ti=<TaskInstance: Nikita_Lapshin_random_forest.train_model manual__2024-10-06T17:30:01.690333+00:00 [queued]>
[2024-10-06T17:41:35.431+0000] {taskinstance.py:2076} INFO - Dependencies all met for dep_context=requeueable deps ti=<TaskInstance: Nikita_Lapshin_random_forest.train_model manual__2024-10-06T17:30:01.690333+00:00 [queued]>
[2024-10-06T17:41:35.431+0000] {taskinstance.py:2306} INFO - Starting attempt 5 of 4
[2024-10-06T17:41:35.441+0000] {taskinstance.py:2330} INFO - Executing <Task(PythonOperator): train_model> on 2024-10-06 17:30:01.690333+00:00
[2024-10-06T17:41:35.452+0000] {standard_task_runner.py:64} INFO - Started process 192 to run task
[2024-10-06T17:41:35.458+0000] {standard_task_runner.py:90} INFO - Running: ['***', 'tasks', 'run', 'Nikita_Lapshin_random_forest', 'train_model', 'manual__2024-10-06T17:30:01.690333+00:00', '--job-id', '78', '--raw', '--subdir', 'DAGS_FOLDER/HW1.py', '--cfg-path', '/tmp/tmp19_o0yhc']
[2024-10-06T17:41:35.461+0000] {standard_task_runner.py:91} INFO - Job 78: Subtask train_model
[2024-10-06T17:41:35.508+0000] {task_command.py:426} INFO - Running <TaskInstance: Nikita_Lapshin_random_forest.train_model manual__2024-10-06T17:30:01.690333+00:00 [running]> on host 22775caa7dfb
[2024-10-06T17:41:35.569+0000] {taskinstance.py:2648} INFO - Exporting env vars: AIRFLOW_CTX_DAG_OWNER='Lapshin Nikita' AIRFLOW_CTX_DAG_ID='Nikita_Lapshin_random_forest' AIRFLOW_CTX_TASK_ID='train_model' AIRFLOW_CTX_EXECUTION_DATE='2024-10-06T17:30:01.690333+00:00' AIRFLOW_CTX_TRY_NUMBER='5' AIRFLOW_CTX_DAG_RUN_ID='manual__2024-10-06T17:30:01.690333+00:00'
[2024-10-06T17:41:35.569+0000] {taskinstance.py:430} INFO - ::endgroup::
[2024-10-06T17:41:35.598+0000] {s3.py:1422} INFO - Downloading source S3 file from Bucket mlops-1 with path random_forest/datasets/prepared_data.csv
[2024-10-06T17:41:35.606+0000] {base.py:84} INFO - Using connection ID 's3_connection' for task execution.
[2024-10-06T17:41:35.606+0000] {connection_wrapper.py:388} INFO - AWS Connection (conn_id='s3_connection', conn_type='aws') credentials retrieved from login and password.
[2024-10-06T17:43:26.142+0000] {python.py:237} INFO - Done. Returned value was: {'start_time': 1728236498.996489, 'end_time': 1728236515.6656, 'model_score': 0.9995735650196699}
[2024-10-06T17:43:26.147+0000] {taskinstance.py:441} INFO - ::group::Post task execution logs
[2024-10-06T17:43:26.200+0000] {taskinstance.py:1206} INFO - Marking task as SUCCESS. dag_id=Nikita_Lapshin_random_forest, task_id=train_model, run_id=manual__2024-10-06T17:30:01.690333+00:00, execution_date=20241006T173001, start_date=20241006T174135, end_date=20241006T174326
[2024-10-06T17:43:26.264+0000] {local_task_job_runner.py:243} INFO - Task exited with return code 0
[2024-10-06T17:43:26.321+0000] {taskinstance.py:3503} INFO - 1 downstream tasks scheduled from follow-on schedule check
[2024-10-06T17:43:26.322+0000] {local_task_job_runner.py:222} INFO - ::endgroup::
