[2024-10-06T16:54:07.304+0000] {local_task_job_runner.py:120} INFO - ::group::Pre task execution logs
[2024-10-06T16:54:07.327+0000] {taskinstance.py:2076} INFO - Dependencies all met for dep_context=non-requeueable deps ti=<TaskInstance: Nikita_Lapshin_desicion_tree.prepare_data manual__2024-10-06T16:53:47.575573+00:00 [queued]>
[2024-10-06T16:54:07.337+0000] {taskinstance.py:2076} INFO - Dependencies all met for dep_context=requeueable deps ti=<TaskInstance: Nikita_Lapshin_desicion_tree.prepare_data manual__2024-10-06T16:53:47.575573+00:00 [queued]>
[2024-10-06T16:54:07.337+0000] {taskinstance.py:2306} INFO - Starting attempt 1 of 4
[2024-10-06T16:54:07.351+0000] {taskinstance.py:2330} INFO - Executing <Task(PythonOperator): prepare_data> on 2024-10-06 16:53:47.575573+00:00
[2024-10-06T16:54:07.359+0000] {standard_task_runner.py:64} INFO - Started process 2437 to run task
[2024-10-06T16:54:07.363+0000] {standard_task_runner.py:90} INFO - Running: ['***', 'tasks', 'run', 'Nikita_Lapshin_desicion_tree', 'prepare_data', 'manual__2024-10-06T16:53:47.575573+00:00', '--job-id', '19', '--raw', '--subdir', 'DAGS_FOLDER/HW1.py', '--cfg-path', '/tmp/tmpz1v6pitp']
[2024-10-06T16:54:07.366+0000] {standard_task_runner.py:91} INFO - Job 19: Subtask prepare_data
[2024-10-06T16:54:07.431+0000] {task_command.py:426} INFO - Running <TaskInstance: Nikita_Lapshin_desicion_tree.prepare_data manual__2024-10-06T16:53:47.575573+00:00 [running]> on host 22775caa7dfb
[2024-10-06T16:54:07.516+0000] {taskinstance.py:2648} INFO - Exporting env vars: AIRFLOW_CTX_DAG_OWNER='Lapshin Nikita' AIRFLOW_CTX_DAG_ID='Nikita_Lapshin_desicion_tree' AIRFLOW_CTX_TASK_ID='prepare_data' AIRFLOW_CTX_EXECUTION_DATE='2024-10-06T16:53:47.575573+00:00' AIRFLOW_CTX_TRY_NUMBER='1' AIRFLOW_CTX_DAG_RUN_ID='manual__2024-10-06T16:53:47.575573+00:00'
[2024-10-06T16:54:07.518+0000] {taskinstance.py:430} INFO - ::endgroup::
[2024-10-06T16:54:07.543+0000] {s3.py:1422} INFO - Downloading source S3 file from Bucket mlops-1 with path desicion_tree/datasets/california_housing.csv
[2024-10-06T16:54:07.550+0000] {base.py:84} INFO - Using connection ID 's3_connection' for task execution.
[2024-10-06T16:54:07.551+0000] {connection_wrapper.py:388} INFO - AWS Connection (conn_id='s3_connection', conn_type='aws') credentials retrieved from login and password.
[2024-10-06T16:55:20.257+0000] {python.py:237} INFO - Done. Returned value was: {'start_time': 1728233651.546605, 'end_time': 1728233651.5735714, 'features': ['Unnamed: 0', 'MedInc', 'HouseAge', 'AveRooms', 'AveBedrms', 'Population', 'AveOccup', 'Latitude']}
[2024-10-06T16:55:20.306+0000] {taskinstance.py:441} INFO - ::group::Post task execution logs
[2024-10-06T16:55:20.679+0000] {taskinstance.py:1206} INFO - Marking task as SUCCESS. dag_id=Nikita_Lapshin_desicion_tree, task_id=prepare_data, run_id=manual__2024-10-06T16:53:47.575573+00:00, execution_date=20241006T165347, start_date=20241006T165407, end_date=20241006T165520
[2024-10-06T16:55:20.822+0000] {local_task_job_runner.py:243} INFO - Task exited with return code 0
[2024-10-06T16:55:20.964+0000] {taskinstance.py:3503} INFO - 1 downstream tasks scheduled from follow-on schedule check
[2024-10-06T16:55:20.968+0000] {local_task_job_runner.py:222} INFO - ::endgroup::
