[2024-10-06T17:30:28.599+0000] {local_task_job_runner.py:120} INFO - ::group::Pre task execution logs
[2024-10-06T17:30:28.621+0000] {taskinstance.py:2076} INFO - Dependencies all met for dep_context=non-requeueable deps ti=<TaskInstance: Nikita_Lapshin_random_forest.prepare_data manual__2024-10-06T17:30:01.690333+00:00 [queued]>
[2024-10-06T17:30:28.628+0000] {taskinstance.py:2076} INFO - Dependencies all met for dep_context=requeueable deps ti=<TaskInstance: Nikita_Lapshin_random_forest.prepare_data manual__2024-10-06T17:30:01.690333+00:00 [queued]>
[2024-10-06T17:30:28.628+0000] {taskinstance.py:2306} INFO - Starting attempt 1 of 4
[2024-10-06T17:30:28.645+0000] {taskinstance.py:2330} INFO - Executing <Task(PythonOperator): prepare_data> on 2024-10-06 17:30:01.690333+00:00
[2024-10-06T17:30:28.657+0000] {standard_task_runner.py:64} INFO - Started process 498 to run task
[2024-10-06T17:30:28.664+0000] {standard_task_runner.py:90} INFO - Running: ['***', 'tasks', 'run', 'Nikita_Lapshin_random_forest', 'prepare_data', 'manual__2024-10-06T17:30:01.690333+00:00', '--job-id', '37', '--raw', '--subdir', 'DAGS_FOLDER/HW1.py', '--cfg-path', '/tmp/tmplorkq_ax']
[2024-10-06T17:30:28.667+0000] {standard_task_runner.py:91} INFO - Job 37: Subtask prepare_data
[2024-10-06T17:30:28.738+0000] {task_command.py:426} INFO - Running <TaskInstance: Nikita_Lapshin_random_forest.prepare_data manual__2024-10-06T17:30:01.690333+00:00 [running]> on host 22775caa7dfb
[2024-10-06T17:30:28.813+0000] {taskinstance.py:2648} INFO - Exporting env vars: AIRFLOW_CTX_DAG_OWNER='Lapshin Nikita' AIRFLOW_CTX_DAG_ID='Nikita_Lapshin_random_forest' AIRFLOW_CTX_TASK_ID='prepare_data' AIRFLOW_CTX_EXECUTION_DATE='2024-10-06T17:30:01.690333+00:00' AIRFLOW_CTX_TRY_NUMBER='1' AIRFLOW_CTX_DAG_RUN_ID='manual__2024-10-06T17:30:01.690333+00:00'
[2024-10-06T17:30:28.814+0000] {taskinstance.py:430} INFO - ::endgroup::
[2024-10-06T17:30:28.842+0000] {s3.py:1422} INFO - Downloading source S3 file from Bucket mlops-1 with path random_forest/datasets/california_housing.csv
[2024-10-06T17:30:28.850+0000] {base.py:84} INFO - Using connection ID 's3_connection' for task execution.
[2024-10-06T17:30:28.851+0000] {connection_wrapper.py:388} INFO - AWS Connection (conn_id='s3_connection', conn_type='aws') credentials retrieved from login and password.
[2024-10-06T17:32:44.518+0000] {python.py:237} INFO - Done. Returned value was: {'start_time': 1728235832.1088765, 'end_time': 1728235832.1262076, 'features': ['Unnamed: 0', 'MedInc', 'HouseAge', 'AveRooms', 'AveBedrms', 'Population', 'AveOccup', 'Latitude']}
[2024-10-06T17:32:44.720+0000] {taskinstance.py:441} INFO - ::group::Post task execution logs
[2024-10-06T17:32:45.162+0000] {taskinstance.py:1206} INFO - Marking task as SUCCESS. dag_id=Nikita_Lapshin_random_forest, task_id=prepare_data, run_id=manual__2024-10-06T17:30:01.690333+00:00, execution_date=20241006T173001, start_date=20241006T173028, end_date=20241006T173245
[2024-10-06T17:32:45.266+0000] {local_task_job_runner.py:243} INFO - Task exited with return code 0
[2024-10-06T17:32:45.400+0000] {taskinstance.py:3503} INFO - 1 downstream tasks scheduled from follow-on schedule check
[2024-10-06T17:32:45.408+0000] {local_task_job_runner.py:222} INFO - ::endgroup::
