[2024-10-08T23:08:32.812+0000] {local_task_job_runner.py:120} INFO - ::group::Pre task execution logs
[2024-10-08T23:08:32.856+0000] {taskinstance.py:2076} INFO - Dependencies all met for dep_context=non-requeueable deps ti=<TaskInstance: Nikita_Lapshin_desicion_tree.get_data scheduled__2024-10-07T01:00:00+00:00 [queued]>
[2024-10-08T23:08:32.875+0000] {taskinstance.py:2076} INFO - Dependencies all met for dep_context=requeueable deps ti=<TaskInstance: Nikita_Lapshin_desicion_tree.get_data scheduled__2024-10-07T01:00:00+00:00 [queued]>
[2024-10-08T23:08:32.875+0000] {taskinstance.py:2306} INFO - Starting attempt 1 of 4
[2024-10-08T23:08:32.903+0000] {taskinstance.py:2330} INFO - Executing <Task(PythonOperator): get_data> on 2024-10-07 01:00:00+00:00
[2024-10-08T23:08:32.925+0000] {standard_task_runner.py:64} INFO - Started process 213 to run task
[2024-10-08T23:08:32.937+0000] {standard_task_runner.py:90} INFO - Running: ['***', 'tasks', 'run', 'Nikita_Lapshin_desicion_tree', 'get_data', 'scheduled__2024-10-07T01:00:00+00:00', '--job-id', '102', '--raw', '--subdir', 'DAGS_FOLDER/HW1.py', '--cfg-path', '/tmp/tmps3ox7oj6']
[2024-10-08T23:08:32.965+0000] {standard_task_runner.py:91} INFO - Job 102: Subtask get_data
[2024-10-08T23:08:33.185+0000] {task_command.py:426} INFO - Running <TaskInstance: Nikita_Lapshin_desicion_tree.get_data scheduled__2024-10-07T01:00:00+00:00 [running]> on host b25050cd5d99
[2024-10-08T23:08:33.489+0000] {taskinstance.py:2648} INFO - Exporting env vars: AIRFLOW_CTX_DAG_OWNER='Lapshin Nikita' AIRFLOW_CTX_DAG_ID='Nikita_Lapshin_desicion_tree' AIRFLOW_CTX_TASK_ID='get_data' AIRFLOW_CTX_EXECUTION_DATE='2024-10-07T01:00:00+00:00' AIRFLOW_CTX_TRY_NUMBER='1' AIRFLOW_CTX_DAG_RUN_ID='scheduled__2024-10-07T01:00:00+00:00'
[2024-10-08T23:08:33.494+0000] {taskinstance.py:430} INFO - ::endgroup::
[2024-10-08T23:08:33.690+0000] {_california_housing.py:173} INFO - Downloading Cal. housing from https://ndownloader.figshare.com/files/5976036 to /home/***/scikit_learn_data
[2024-10-08T23:08:37.076+0000] {base.py:84} INFO - Using connection ID 's3_connection' for task execution.
[2024-10-08T23:08:37.085+0000] {connection_wrapper.py:388} INFO - AWS Connection (conn_id='s3_connection', conn_type='aws') credentials retrieved from login and password.
[2024-10-08T23:08:40.001+0000] {python.py:237} INFO - Done. Returned value was: {'start_time': 1728428913.554259, 'end_time': 1728428916.355001, 'size': 20640, 'features': ['MedInc', 'HouseAge', 'AveRooms', 'AveBedrms', 'Population', 'AveOccup', 'Latitude', 'Longitude']}
[2024-10-08T23:08:40.009+0000] {taskinstance.py:441} INFO - ::group::Post task execution logs
[2024-10-08T23:08:40.281+0000] {taskinstance.py:1206} INFO - Marking task as SUCCESS. dag_id=Nikita_Lapshin_desicion_tree, task_id=get_data, run_id=scheduled__2024-10-07T01:00:00+00:00, execution_date=20241007T010000, start_date=20241008T230832, end_date=20241008T230840
[2024-10-08T23:08:40.463+0000] {local_task_job_runner.py:243} INFO - Task exited with return code 0
[2024-10-08T23:08:40.577+0000] {taskinstance.py:3503} INFO - 1 downstream tasks scheduled from follow-on schedule check
[2024-10-08T23:08:40.581+0000] {local_task_job_runner.py:222} INFO - ::endgroup::
