[2024-10-07T01:08:48.694+0000] {local_task_job_runner.py:120} INFO - ::group::Pre task execution logs
[2024-10-07T01:08:48.717+0000] {taskinstance.py:2076} INFO - Dependencies all met for dep_context=non-requeueable deps ti=<TaskInstance: Nikita_Lapshin_desicion_tree.save_results scheduled__2024-10-06T01:00:00+00:00 [queued]>
[2024-10-07T01:08:48.728+0000] {taskinstance.py:2076} INFO - Dependencies all met for dep_context=requeueable deps ti=<TaskInstance: Nikita_Lapshin_desicion_tree.save_results scheduled__2024-10-06T01:00:00+00:00 [queued]>
[2024-10-07T01:08:48.728+0000] {taskinstance.py:2306} INFO - Starting attempt 1 of 4
[2024-10-07T01:08:48.741+0000] {taskinstance.py:2330} INFO - Executing <Task(PythonOperator): save_results> on 2024-10-06 01:00:00+00:00
[2024-10-07T01:08:48.747+0000] {standard_task_runner.py:64} INFO - Started process 3982 to run task
[2024-10-07T01:08:48.756+0000] {standard_task_runner.py:90} INFO - Running: ['***', 'tasks', 'run', 'Nikita_Lapshin_desicion_tree', 'save_results', 'scheduled__2024-10-06T01:00:00+00:00', '--job-id', '94', '--raw', '--subdir', 'DAGS_FOLDER/HW1.py', '--cfg-path', '/tmp/tmp983r215w']
[2024-10-07T01:08:48.760+0000] {standard_task_runner.py:91} INFO - Job 94: Subtask save_results
[2024-10-07T01:08:48.820+0000] {task_command.py:426} INFO - Running <TaskInstance: Nikita_Lapshin_desicion_tree.save_results scheduled__2024-10-06T01:00:00+00:00 [running]> on host 22775caa7dfb
[2024-10-07T01:08:48.947+0000] {taskinstance.py:2648} INFO - Exporting env vars: AIRFLOW_CTX_DAG_OWNER='Lapshin Nikita' AIRFLOW_CTX_DAG_ID='Nikita_Lapshin_desicion_tree' AIRFLOW_CTX_TASK_ID='save_results' AIRFLOW_CTX_EXECUTION_DATE='2024-10-06T01:00:00+00:00' AIRFLOW_CTX_TRY_NUMBER='1' AIRFLOW_CTX_DAG_RUN_ID='scheduled__2024-10-06T01:00:00+00:00'
[2024-10-07T01:08:48.949+0000] {taskinstance.py:430} INFO - ::endgroup::
[2024-10-07T01:08:48.999+0000] {base.py:84} INFO - Using connection ID 's3_connection' for task execution.
[2024-10-07T01:08:49.000+0000] {connection_wrapper.py:388} INFO - AWS Connection (conn_id='s3_connection', conn_type='aws') credentials retrieved from login and password.
[2024-10-07T01:08:49.828+0000] {logging_mixin.py:188} INFO - Results saved successfully!
[2024-10-07T01:08:49.829+0000] {python.py:237} INFO - Done. Returned value was: None
[2024-10-07T01:08:49.829+0000] {taskinstance.py:441} INFO - ::group::Post task execution logs
[2024-10-07T01:08:49.837+0000] {taskinstance.py:1206} INFO - Marking task as SUCCESS. dag_id=Nikita_Lapshin_desicion_tree, task_id=save_results, run_id=scheduled__2024-10-06T01:00:00+00:00, execution_date=20241006T010000, start_date=20241007T010848, end_date=20241007T010849
[2024-10-07T01:08:49.885+0000] {local_task_job_runner.py:243} INFO - Task exited with return code 0
[2024-10-07T01:08:49.916+0000] {taskinstance.py:3503} INFO - 0 downstream tasks scheduled from follow-on schedule check
[2024-10-07T01:08:49.918+0000] {local_task_job_runner.py:222} INFO - ::endgroup::
