[2024-10-07T01:08:38.612+0000] {local_task_job_runner.py:120} INFO - ::group::Pre task execution logs
[2024-10-07T01:08:38.629+0000] {taskinstance.py:2076} INFO - Dependencies all met for dep_context=non-requeueable deps ti=<TaskInstance: Nikita_Lapshin_linear_regression.prepare_data scheduled__2024-10-06T01:00:00+00:00 [queued]>
[2024-10-07T01:08:38.635+0000] {taskinstance.py:2076} INFO - Dependencies all met for dep_context=requeueable deps ti=<TaskInstance: Nikita_Lapshin_linear_regression.prepare_data scheduled__2024-10-06T01:00:00+00:00 [queued]>
[2024-10-07T01:08:38.636+0000] {taskinstance.py:2306} INFO - Starting attempt 1 of 4
[2024-10-07T01:08:38.651+0000] {taskinstance.py:2330} INFO - Executing <Task(PythonOperator): prepare_data> on 2024-10-06 01:00:00+00:00
[2024-10-07T01:08:38.661+0000] {standard_task_runner.py:64} INFO - Started process 3937 to run task
[2024-10-07T01:08:38.670+0000] {standard_task_runner.py:90} INFO - Running: ['***', 'tasks', 'run', 'Nikita_Lapshin_linear_regression', 'prepare_data', 'scheduled__2024-10-06T01:00:00+00:00', '--job-id', '87', '--raw', '--subdir', 'DAGS_FOLDER/HW1.py', '--cfg-path', '/tmp/tmpmpdrz2p8']
[2024-10-07T01:08:38.673+0000] {standard_task_runner.py:91} INFO - Job 87: Subtask prepare_data
[2024-10-07T01:08:38.739+0000] {task_command.py:426} INFO - Running <TaskInstance: Nikita_Lapshin_linear_regression.prepare_data scheduled__2024-10-06T01:00:00+00:00 [running]> on host 22775caa7dfb
[2024-10-07T01:08:38.833+0000] {taskinstance.py:2648} INFO - Exporting env vars: AIRFLOW_CTX_DAG_OWNER='Lapshin Nikita' AIRFLOW_CTX_DAG_ID='Nikita_Lapshin_linear_regression' AIRFLOW_CTX_TASK_ID='prepare_data' AIRFLOW_CTX_EXECUTION_DATE='2024-10-06T01:00:00+00:00' AIRFLOW_CTX_TRY_NUMBER='1' AIRFLOW_CTX_DAG_RUN_ID='scheduled__2024-10-06T01:00:00+00:00'
[2024-10-07T01:08:38.836+0000] {taskinstance.py:430} INFO - ::endgroup::
[2024-10-07T01:08:38.872+0000] {s3.py:1422} INFO - Downloading source S3 file from Bucket mlops-1 with path linear_regression/datasets/california_housing.csv
[2024-10-07T01:08:38.879+0000] {base.py:84} INFO - Using connection ID 's3_connection' for task execution.
[2024-10-07T01:08:38.880+0000] {connection_wrapper.py:388} INFO - AWS Connection (conn_id='s3_connection', conn_type='aws') credentials retrieved from login and password.
[2024-10-07T01:08:42.289+0000] {python.py:237} INFO - Done. Returned value was: {'start_time': 1728263320.2719254, 'end_time': 1728263320.2835798, 'features': ['Unnamed: 0', 'MedInc', 'HouseAge', 'AveRooms', 'AveBedrms', 'Population', 'AveOccup', 'Latitude']}
[2024-10-07T01:08:42.291+0000] {taskinstance.py:441} INFO - ::group::Post task execution logs
[2024-10-07T01:08:42.333+0000] {taskinstance.py:1206} INFO - Marking task as SUCCESS. dag_id=Nikita_Lapshin_linear_regression, task_id=prepare_data, run_id=scheduled__2024-10-06T01:00:00+00:00, execution_date=20241006T010000, start_date=20241007T010838, end_date=20241007T010842
[2024-10-07T01:08:42.388+0000] {local_task_job_runner.py:243} INFO - Task exited with return code 0
[2024-10-07T01:08:42.456+0000] {taskinstance.py:3503} INFO - 1 downstream tasks scheduled from follow-on schedule check
[2024-10-07T01:08:42.457+0000] {local_task_job_runner.py:222} INFO - ::endgroup::
