[2024-10-07T01:08:44.560+0000] {local_task_job_runner.py:120} INFO - ::group::Pre task execution logs
[2024-10-07T01:08:44.582+0000] {taskinstance.py:2076} INFO - Dependencies all met for dep_context=non-requeueable deps ti=<TaskInstance: Nikita_Lapshin_linear_regression.train_model scheduled__2024-10-06T01:00:00+00:00 [queued]>
[2024-10-07T01:08:44.588+0000] {taskinstance.py:2076} INFO - Dependencies all met for dep_context=requeueable deps ti=<TaskInstance: Nikita_Lapshin_linear_regression.train_model scheduled__2024-10-06T01:00:00+00:00 [queued]>
[2024-10-07T01:08:44.589+0000] {taskinstance.py:2306} INFO - Starting attempt 1 of 4
[2024-10-07T01:08:44.598+0000] {taskinstance.py:2330} INFO - Executing <Task(PythonOperator): train_model> on 2024-10-06 01:00:00+00:00
[2024-10-07T01:08:44.608+0000] {standard_task_runner.py:64} INFO - Started process 3962 to run task
[2024-10-07T01:08:44.613+0000] {standard_task_runner.py:90} INFO - Running: ['***', 'tasks', 'run', 'Nikita_Lapshin_linear_regression', 'train_model', 'scheduled__2024-10-06T01:00:00+00:00', '--job-id', '91', '--raw', '--subdir', 'DAGS_FOLDER/HW1.py', '--cfg-path', '/tmp/tmp71ox3z1k']
[2024-10-07T01:08:44.616+0000] {standard_task_runner.py:91} INFO - Job 91: Subtask train_model
[2024-10-07T01:08:44.665+0000] {task_command.py:426} INFO - Running <TaskInstance: Nikita_Lapshin_linear_regression.train_model scheduled__2024-10-06T01:00:00+00:00 [running]> on host 22775caa7dfb
[2024-10-07T01:08:44.744+0000] {taskinstance.py:2648} INFO - Exporting env vars: AIRFLOW_CTX_DAG_OWNER='Lapshin Nikita' AIRFLOW_CTX_DAG_ID='Nikita_Lapshin_linear_regression' AIRFLOW_CTX_TASK_ID='train_model' AIRFLOW_CTX_EXECUTION_DATE='2024-10-06T01:00:00+00:00' AIRFLOW_CTX_TRY_NUMBER='1' AIRFLOW_CTX_DAG_RUN_ID='scheduled__2024-10-06T01:00:00+00:00'
[2024-10-07T01:08:44.745+0000] {taskinstance.py:430} INFO - ::endgroup::
[2024-10-07T01:08:44.765+0000] {s3.py:1422} INFO - Downloading source S3 file from Bucket mlops-1 with path linear_regression/datasets/prepared_data.csv
[2024-10-07T01:08:44.774+0000] {base.py:84} INFO - Using connection ID 's3_connection' for task execution.
[2024-10-07T01:08:44.775+0000] {connection_wrapper.py:388} INFO - AWS Connection (conn_id='s3_connection', conn_type='aws') credentials retrieved from login and password.
[2024-10-07T01:08:46.785+0000] {python.py:237} INFO - Done. Returned value was: {'start_time': 1728263326.3506234, 'end_time': 1728263326.3729098, 'model_score': 0.06809004922254469}
[2024-10-07T01:08:46.786+0000] {taskinstance.py:441} INFO - ::group::Post task execution logs
[2024-10-07T01:08:46.809+0000] {taskinstance.py:1206} INFO - Marking task as SUCCESS. dag_id=Nikita_Lapshin_linear_regression, task_id=train_model, run_id=scheduled__2024-10-06T01:00:00+00:00, execution_date=20241006T010000, start_date=20241007T010844, end_date=20241007T010846
[2024-10-07T01:08:46.857+0000] {local_task_job_runner.py:243} INFO - Task exited with return code 0
[2024-10-07T01:08:46.879+0000] {taskinstance.py:3503} INFO - 1 downstream tasks scheduled from follow-on schedule check
[2024-10-07T01:08:46.880+0000] {local_task_job_runner.py:222} INFO - ::endgroup::
